<?xml version="1.0" encoding="UTF-8"?>
<!-- Generated by org.testng.reporters.JUnitReportReporter -->
<testsuite hostname="DESKTOP-L417GV2" failures="0" tests="1" name="com.google.googleSearchValidateElements" time="0.008" errors="0" timestamp="2021-11-10T17:37:43 CST" skipped="0">
  <testcase classname="com.google.googleSearchValidateElements" name="googleSearchList" time="0.008"/>
  <system-out/>
</testsuite> <!-- com.google.googleSearchValidateElements -->
